Performing C SOURCE FILE Test CMAKE_HAVE_LIBC_PTHREAD failed with the following output:
Change Dir: /root/bro-caffe/build/temp.linux-x86_64-cpython-37/CMakeFiles/CMakeTmp

Run Build Command(s):/usr/bin/make cmTC_d3e6c/fast && /usr/bin/make  -f CMakeFiles/cmTC_d3e6c.dir/build.make CMakeFiles/cmTC_d3e6c.dir/build
make[1]: Entering directory '/root/bro-caffe/build/temp.linux-x86_64-cpython-37/CMakeFiles/CMakeTmp'
Building C object CMakeFiles/cmTC_d3e6c.dir/src.c.o
/usr/bin/cc   -DCMAKE_HAVE_LIBC_PTHREAD -o CMakeFiles/cmTC_d3e6c.dir/src.c.o -c /root/bro-caffe/build/temp.linux-x86_64-cpython-37/CMakeFiles/CMakeTmp/src.c
Linking C executable cmTC_d3e6c
/root/miniconda3/envs/caffe37/bin/cmake -E cmake_link_script CMakeFiles/cmTC_d3e6c.dir/link.txt --verbose=1
/usr/bin/cc  -DCMAKE_HAVE_LIBC_PTHREAD CMakeFiles/cmTC_d3e6c.dir/src.c.o -o cmTC_d3e6c 
CMakeFiles/cmTC_d3e6c.dir/src.c.o: In function `main':
src.c:(.text+0x3e): undefined reference to `pthread_create'
src.c:(.text+0x4a): undefined reference to `pthread_detach'
src.c:(.text+0x56): undefined reference to `pthread_cancel'
src.c:(.text+0x67): undefined reference to `pthread_join'
src.c:(.text+0x7b): undefined reference to `pthread_atfork'
collect2: error: ld returned 1 exit status
CMakeFiles/cmTC_d3e6c.dir/build.make:105: recipe for target 'cmTC_d3e6c' failed
make[1]: *** [cmTC_d3e6c] Error 1
make[1]: Leaving directory '/root/bro-caffe/build/temp.linux-x86_64-cpython-37/CMakeFiles/CMakeTmp'
Makefile:140: recipe for target 'cmTC_d3e6c/fast' failed
make: *** [cmTC_d3e6c/fast] Error 2


Source file was:
#include <pthread.h>

void* test_func(void* data)
{
  return data;
}

int main(void)
{
  pthread_t thread;
  pthread_create(&thread, NULL, test_func, NULL);
  pthread_detach(thread);
  pthread_cancel(thread);
  pthread_join(thread, NULL);
  pthread_atfork(NULL, NULL, NULL);
  pthread_exit(NULL);

  return 0;
}

Determining if the function pthread_create exists in the pthreads failed with the following output:
Change Dir: /root/bro-caffe/build/temp.linux-x86_64-cpython-37/CMakeFiles/CMakeTmp

Run Build Command(s):/usr/bin/make cmTC_e082c/fast && /usr/bin/make  -f CMakeFiles/cmTC_e082c.dir/build.make CMakeFiles/cmTC_e082c.dir/build
make[1]: Entering directory '/root/bro-caffe/build/temp.linux-x86_64-cpython-37/CMakeFiles/CMakeTmp'
Building C object CMakeFiles/cmTC_e082c.dir/CheckFunctionExists.c.o
/usr/bin/cc   -DCHECK_FUNCTION_EXISTS=pthread_create -o CMakeFiles/cmTC_e082c.dir/CheckFunctionExists.c.o -c /root/miniconda3/envs/caffe37/share/cmake-3.18/Modules/CheckFunctionExists.c
Linking C executable cmTC_e082c
/root/miniconda3/envs/caffe37/bin/cmake -E cmake_link_script CMakeFiles/cmTC_e082c.dir/link.txt --verbose=1
/usr/bin/cc  -DCHECK_FUNCTION_EXISTS=pthread_create CMakeFiles/cmTC_e082c.dir/CheckFunctionExists.c.o -o cmTC_e082c  -lpthreads 
/usr/bin/ld: cannot find -lpthreads
collect2: error: ld returned 1 exit status
CMakeFiles/cmTC_e082c.dir/build.make:105: recipe for target 'cmTC_e082c' failed
make[1]: *** [cmTC_e082c] Error 1
make[1]: Leaving directory '/root/bro-caffe/build/temp.linux-x86_64-cpython-37/CMakeFiles/CMakeTmp'
Makefile:140: recipe for target 'cmTC_e082c/fast' failed
make: *** [cmTC_e082c/fast] Error 2



