Performing C SOURCE FILE Test CMAKE_HAVE_LIBC_PTHREAD failed with the following output:
Change Dir: /root/bro-caffe/build/temp.linux-x86_64-cpython-38/CMakeFiles/CMakeTmp

Run Build Command(s):/usr/bin/make cmTC_b393a/fast && /usr/bin/make  -f CMakeFiles/cmTC_b393a.dir/build.make CMakeFiles/cmTC_b393a.dir/build
make[1]: Entering directory '/root/bro-caffe/build/temp.linux-x86_64-cpython-38/CMakeFiles/CMakeTmp'
Building C object CMakeFiles/cmTC_b393a.dir/src.c.o
/usr/bin/cc   -DCMAKE_HAVE_LIBC_PTHREAD -o CMakeFiles/cmTC_b393a.dir/src.c.o -c /root/bro-caffe/build/temp.linux-x86_64-cpython-38/CMakeFiles/CMakeTmp/src.c
Linking C executable cmTC_b393a
/root/miniconda3/envs/caffe38/bin/cmake -E cmake_link_script CMakeFiles/cmTC_b393a.dir/link.txt --verbose=1
/usr/bin/cc  -DCMAKE_HAVE_LIBC_PTHREAD CMakeFiles/cmTC_b393a.dir/src.c.o -o cmTC_b393a 
CMakeFiles/cmTC_b393a.dir/src.c.o: In function `main':
src.c:(.text+0x3e): undefined reference to `pthread_create'
src.c:(.text+0x4a): undefined reference to `pthread_detach'
src.c:(.text+0x56): undefined reference to `pthread_cancel'
src.c:(.text+0x67): undefined reference to `pthread_join'
src.c:(.text+0x7b): undefined reference to `pthread_atfork'
collect2: error: ld returned 1 exit status
CMakeFiles/cmTC_b393a.dir/build.make:105: recipe for target 'cmTC_b393a' failed
make[1]: *** [cmTC_b393a] Error 1
make[1]: Leaving directory '/root/bro-caffe/build/temp.linux-x86_64-cpython-38/CMakeFiles/CMakeTmp'
Makefile:140: recipe for target 'cmTC_b393a/fast' failed
make: *** [cmTC_b393a/fast] Error 2


Source file was:
#include <pthread.h>

void* test_func(void* data)
{
  return data;
}

int main(void)
{
  pthread_t thread;
  pthread_create(&thread, NULL, test_func, NULL);
  pthread_detach(thread);
  pthread_cancel(thread);
  pthread_join(thread, NULL);
  pthread_atfork(NULL, NULL, NULL);
  pthread_exit(NULL);

  return 0;
}

Determining if the function pthread_create exists in the pthreads failed with the following output:
Change Dir: /root/bro-caffe/build/temp.linux-x86_64-cpython-38/CMakeFiles/CMakeTmp

Run Build Command(s):/usr/bin/make cmTC_35a91/fast && /usr/bin/make  -f CMakeFiles/cmTC_35a91.dir/build.make CMakeFiles/cmTC_35a91.dir/build
make[1]: Entering directory '/root/bro-caffe/build/temp.linux-x86_64-cpython-38/CMakeFiles/CMakeTmp'
Building C object CMakeFiles/cmTC_35a91.dir/CheckFunctionExists.c.o
/usr/bin/cc   -DCHECK_FUNCTION_EXISTS=pthread_create -o CMakeFiles/cmTC_35a91.dir/CheckFunctionExists.c.o -c /root/miniconda3/envs/caffe38/share/cmake-3.18/Modules/CheckFunctionExists.c
Linking C executable cmTC_35a91
/root/miniconda3/envs/caffe38/bin/cmake -E cmake_link_script CMakeFiles/cmTC_35a91.dir/link.txt --verbose=1
/usr/bin/cc  -DCHECK_FUNCTION_EXISTS=pthread_create CMakeFiles/cmTC_35a91.dir/CheckFunctionExists.c.o -o cmTC_35a91  -lpthreads 
/usr/bin/ld: cannot find -lpthreads
collect2: error: ld returned 1 exit status
CMakeFiles/cmTC_35a91.dir/build.make:105: recipe for target 'cmTC_35a91' failed
make[1]: *** [cmTC_35a91] Error 1
make[1]: Leaving directory '/root/bro-caffe/build/temp.linux-x86_64-cpython-38/CMakeFiles/CMakeTmp'
Makefile:140: recipe for target 'cmTC_35a91/fast' failed
make: *** [cmTC_35a91/fast] Error 2



